<?xml version="1.0" encoding="UTF-8"?>
<testsuite xmlns:xsi="http://www.w3.org/2001/XMLSchema-instance" xsi:noNamespaceSchemaLocation="https://maven.apache.org/surefire/maven-surefire-plugin/xsd/surefire-test-report-3.0.xsd" version="3.0" name="deque.DoubleLinkedListTest$emptyDoubleQueue" time="0.113" tests="6" errors="0" skipped="0" failures="0">
  <properties>
[...]
</properties>
  <testcase name="Append_ValorValido_AnyadeElementoAlFinal" classname="deque.DoubleLinkedListTest$emptyDoubleQueue" time="0.068"/>
  <testcase name="Prepend_ValorValido_AnyadeElementoAlPrincipio" classname="deque.DoubleLinkedListTest$emptyDoubleQueue" time="0.002"/>
  <testcase name="Prepend_ValorNull_LanzaExcepcion" classname="deque.DoubleLinkedListTest$emptyDoubleQueue" time="0.005"/>
  <testcase name="DeleteLast_ListaVacia_LanzaExcepcion" classname="deque.DoubleLinkedListTest$emptyDoubleQueue" time="0.003"/>
  <testcase name="DeleteFirst_ListaVacia_LanzaExcepcion" classname="deque.DoubleLinkedListTest$emptyDoubleQueue" time="0.002"/>
  <testcase name="Append_ValorNull_LanzaExcepcion" classname="deque.DoubleLinkedListTest$emptyDoubleQueue" time="0.001"/>
</testsuite>